Using pre-set license
Built from '2022.2/staging' branch; Version is '2022.2.5f1 (551d45108343) revision 5578053'; Using compiler version '192829333'; Build Type 'Release'
OS: 'Windows 11  (10.0.22621) 64bit Core' Language: 'en' Physical Memory: 16227 MB
BatchMode: 1, IsHumanControllingUs: 0, StartBugReporterOnCrash: 0, Is64bit: 1, IsPro: 1

COMMAND LINE ARGUMENTS:
C:\Program Files\Unity\Hub\Editor\2022.2.5f1\Editor\Unity.exe
-adb2
-batchMode
-noUpm
-name
AssetImportWorker0
-projectPath
C:/Users/yunus/Desktop/Other/Tower Defense Zedtix
-logFile
Logs/AssetImportWorker0.log
-srvPort
50844
Successfully changed project path to: C:/Users/yunus/Desktop/Other/Tower Defense Zedtix
C:/Users/yunus/Desktop/Other/Tower Defense Zedtix
[UnityMemory] Configuration Parameters - Can be set up in boot.config
    "memorysetup-bucket-allocator-granularity=16"
    "memorysetup-bucket-allocator-bucket-count=8"
    "memorysetup-bucket-allocator-block-size=33554432"
    "memorysetup-bucket-allocator-block-count=8"
    "memorysetup-main-allocator-block-size=16777216"
    "memorysetup-thread-allocator-block-size=16777216"
    "memorysetup-gfx-main-allocator-block-size=16777216"
    "memorysetup-gfx-thread-allocator-block-size=16777216"
    "memorysetup-cache-allocator-block-size=4194304"
    "memorysetup-typetree-allocator-block-size=2097152"
    "memorysetup-profiler-bucket-allocator-granularity=16"
    "memorysetup-profiler-bucket-allocator-bucket-count=8"
    "memorysetup-profiler-bucket-allocator-block-size=33554432"
    "memorysetup-profiler-bucket-allocator-block-count=8"
    "memorysetup-profiler-allocator-block-size=16777216"
    "memorysetup-profiler-editor-allocator-block-size=1048576"
    "memorysetup-temp-allocator-size-main=16777216"
    "memorysetup-job-temp-allocator-block-size=2097152"
    "memorysetup-job-temp-allocator-block-size-background=1048576"
    "memorysetup-job-temp-allocator-reduction-small-platforms=262144"
    "memorysetup-temp-allocator-size-background-worker=32768"
    "memorysetup-temp-allocator-size-job-worker=262144"
    "memorysetup-temp-allocator-size-preload-manager=33554432"
    "memorysetup-temp-allocator-size-nav-mesh-worker=65536"
    "memorysetup-temp-allocator-size-audio-worker=65536"
    "memorysetup-temp-allocator-size-cloud-worker=32768"
    "memorysetup-temp-allocator-size-gi-baking-worker=262144"
    "memorysetup-temp-allocator-size-gfx=262144"
Player connection [21160] Host "[IP] 192.168.0.87 [Port] 0 [Flags] 2 [Guid] 2994360838 [EditorId] 2994360838 [Version] 1048832 [Id] WindowsEditor(7,Siramez) [Debug] 1 [PackageName] WindowsEditor [ProjectName] Editor" joined multi-casting on [225.0.0.222:54997]...

Player connection [21160] Host "[IP] 192.168.0.87 [Port] 0 [Flags] 2 [Guid] 2994360838 [EditorId] 2994360838 [Version] 1048832 [Id] WindowsEditor(7,Siramez) [Debug] 1 [PackageName] WindowsEditor [ProjectName] Editor" joined alternative multi-casting on [225.0.0.222:34997]...

Refreshing native plugins compatible for Editor in 9.90 ms, found 2 plugins.
Preloading 0 native plugins for Editor in 0.00 ms.
Initialize engine version: 2022.2.5f1 (551d45108343)
[Subsystems] Discovering subsystems at path C:/Program Files/Unity/Hub/Editor/2022.2.5f1/Editor/Data/Resources/UnitySubsystems
[Subsystems] Discovering subsystems at path C:/Users/yunus/Desktop/Other/Tower Defense Zedtix/Assets
GfxDevice: creating device client; threaded=0; jobified=0
Direct3D:
    Version:  Direct3D 11.0 [level 11.1]
    Renderer: NVIDIA GeForce RTX 3060 Ti (ID=0x2489)
    Vendor:   NVIDIA
    VRAM:     8038 MB
    Driver:   31.0.15.4633
Initialize mono
Mono path[0] = 'C:/Program Files/Unity/Hub/Editor/2022.2.5f1/Editor/Data/Managed'
Mono path[1] = 'C:/Program Files/Unity/Hub/Editor/2022.2.5f1/Editor/Data/MonoBleedingEdge/lib/mono/unityjit-win32'
Mono config path = 'C:/Program Files/Unity/Hub/Editor/2022.2.5f1/Editor/Data/MonoBleedingEdge/etc'
Using monoOptions --debugger-agent=transport=dt_socket,embedding=1,server=y,suspend=n,address=127.0.0.1:56344
Begin MonoManager ReloadAssembly
Registering precompiled unity dll's ...
Register platform support module: C:/Program Files/Unity/Hub/Editor/2022.2.5f1/Editor/Data/PlaybackEngines/AndroidPlayer/UnityEditor.Android.Extensions.dll
Register platform support module: C:/Program Files/Unity/Hub/Editor/2022.2.5f1/Editor/Data/PlaybackEngines/WindowsStandaloneSupport/UnityEditor.WindowsStandalone.Extensions.dll
Registered in 0.005097 seconds.
- Loaded All Assemblies, in  0.203 seconds
Native extension for WindowsStandalone target not found
Native extension for Android target not found
Android Extension - Scanning For ADB Devices 166 ms
Mono: successfully reloaded assembly
- Finished resetting the current domain, in  0.355 seconds
Domain Reload Profiling:
	ReloadAssembly (117ms)
		BeginReloadAssembly (46ms)
			ExecutionOrderSort (0ms)
			DisableScriptedObjects (0ms)
			BackupInstance (0ms)
			ReleaseScriptingObjects (0ms)
			CreateAndSetChildDomain (1ms)
		LoadAllAssembliesAndSetupDomain (0ms)
			LoadAssemblies (45ms)
			RebuildTransferFunctionScriptingTraits (0ms)
			SetupTypeCache (80ms)
				TypeCache.Initialize (79ms)
					TypeCache.ScanAssembly (78ms)
				ResolveRequiredComponents (0ms)
		FinalizeReload (0ms)
			ReleaseScriptCaches (0ms)
			RebuildScriptCaches (0ms)
			SetupLoadedEditorAssemblies (320ms)
				LogAssemblyErrors (0ms)
				InitializePlatformSupportModulesInManaged (229ms)
				SetLoadedEditorAssemblies (2ms)
				RefreshPlugins (0ms)
				BeforeProcessingInitializeOnLoad (1ms)
				ProcessInitializeOnLoadAttributes (61ms)
				ProcessInitializeOnLoadMethodAttributes (27ms)
				AfterProcessingInitializeOnLoad (0ms)
				EditorAssembliesLoaded (0ms)
			ExecutionOrderSort2 (0ms)
			AwakeInstancesAfterBackupRestoration (0ms)
========================================================================
Worker process is ready to serve import requests
Begin MonoManager ReloadAssembly
- Loaded All Assemblies, in  0.465 seconds
Refreshing native plugins compatible for Editor in 5.91 ms, found 2 plugins.
Native extension for WindowsStandalone target not found
Native extension for Android target not found
Mono: successfully reloaded assembly
- Finished resetting the current domain, in  0.364 seconds
Domain Reload Profiling:
	ReloadAssembly (126ms)
		BeginReloadAssembly (69ms)
			ExecutionOrderSort (0ms)
			DisableScriptedObjects (3ms)
			BackupInstance (0ms)
			ReleaseScriptingObjects (0ms)
			CreateAndSetChildDomain (13ms)
		LoadAllAssembliesAndSetupDomain (337ms)
			LoadAssemblies (166ms)
			RebuildTransferFunctionScriptingTraits (0ms)
			SetupTypeCache (200ms)
				TypeCache.Initialize (120ms)
					TypeCache.ScanAssembly (118ms)
				ResolveRequiredComponents (2ms)
		FinalizeReload (0ms)
			ReleaseScriptCaches (0ms)
			RebuildScriptCaches (0ms)
			SetupLoadedEditorAssemblies (271ms)
				LogAssemblyErrors (0ms)
				InitializePlatformSupportModulesInManaged (12ms)
				SetLoadedEditorAssemblies (2ms)
				RefreshPlugins (0ms)
				BeforeProcessingInitializeOnLoad (39ms)
				ProcessInitializeOnLoadAttributes (138ms)
				ProcessInitializeOnLoadMethodAttributes (76ms)
				AfterProcessingInitializeOnLoad (4ms)
				EditorAssembliesLoaded (0ms)
			ExecutionOrderSort2 (0ms)
			AwakeInstancesAfterBackupRestoration (4ms)
Launched and connected shader compiler UnityShaderCompiler.exe after 0.02 seconds
Refreshing native plugins compatible for Editor in 6.19 ms, found 2 plugins.
Preloading 0 native plugins for Editor in 0.00 ms.
Unloading 2463 Unused Serialized files (Serialized files now loaded: 0)
Unloading 64 unused Assets / (84.5 KB). Loaded Objects now: 2904.
Memory consumption went from 394.6 MB to 394.5 MB.
Total: 4.217300 ms (FindLiveObjects: 0.155600 ms CreateObjectMapping: 0.061400 ms MarkObjects: 3.897400 ms  DeleteObjects: 0.102000 ms)

AssetImportParameters requested are different than current active one (requested -> active):
  custom:video-decoder-webm-vp8: 9c59270c3fd7afecdb556c50c9e8de78 -> 
  custom:container-demuxer-ogg: 62fdf1f143b41e24485cea50d1cbac27 -> 
  custom:AudioImporter_EditorPlatform: d09bf68614088b80899f8185d706f6e7 -> 
  custom:video-decoder-ogg-theora: a1e56fd34408186e4bbccfd4996cb3dc -> 
  custom:framework-win-MediaFoundation: 216162199b28c13a410421893ffa2e32 -> 
  custom:video-encoder-webm-vp8: eb34c28f22e8b96e1ab97ce403110664 -> 
  custom:audio-decoder-ogg-vorbis: bf7c407c2cedff20999df2af8eb42d56 -> 
  custom:container-demuxer-webm: 4f35f7cbe854078d1ac9338744f61a02 -> 
  custom:audio-encoder-webm-vorbis: bf7c407c2cedff20999df2af8eb42d56 -> 
  custom:container-muxer-webm: aa71ff27fc2769a1b78a27578f13a17b -> 
========================================================================
Received Import Request.
  Time since last request: 26680.331865 seconds.
  path: Assets/Sprites/tower-defense/enemy/3/bee.controller
  artifactKey: Guid(14e8e1c7f0f1244418b9c3b7e6b27682) Importer(815301076,1909f56bfc062723c751e8b465ee728b)
Start importing Assets/Sprites/tower-defense/enemy/3/bee.controller using Guid(14e8e1c7f0f1244418b9c3b7e6b27682) Importer(815301076,1909f56bfc062723c751e8b465ee728b)  -> (artifact id: '034fb8d430e42be374b83e8cb2098880') in 0.007754 seconds 
Number of updated asset objects reloaded before import = 0
Number of asset objects unloaded after import = 4
========================================================================
Received Import Request.
  Time since last request: 0.163426 seconds.
  path: Assets/TextMesh Pro/Resources/LineBreaking Following Characters.txt
  artifactKey: Guid(fade42e8bc714b018fac513c043d323b) Importer(815301076,1909f56bfc062723c751e8b465ee728b)
Start importing Assets/TextMesh Pro/Resources/LineBreaking Following Characters.txt using Guid(fade42e8bc714b018fac513c043d323b) Importer(815301076,1909f56bfc062723c751e8b465ee728b)  -> (artifact id: 'b8365c14771796ff17d339b61ffd2609') in 0.001322 seconds 
Number of updated asset objects reloaded before import = 0
Number of asset objects unloaded after import = 1
========================================================================
Received Import Request.
  Time since last request: 0.010236 seconds.
  path: Assets/TextMesh Pro/Fonts
  artifactKey: Guid(6ab70aee4d56447429c680537fbf93ed) Importer(815301076,1909f56bfc062723c751e8b465ee728b)
Start importing Assets/TextMesh Pro/Fonts using Guid(6ab70aee4d56447429c680537fbf93ed) Importer(815301076,1909f56bfc062723c751e8b465ee728b)  -> (artifact id: '25524e152126d39616bdb6d7e34b8aa6') in 0.000329 seconds 
Number of updated asset objects reloaded before import = 0
Number of asset objects unloaded after import = 0
========================================================================
Received Import Request.
  Time since last request: 0.028004 seconds.
  path: Assets/TextMesh Pro
  artifactKey: Guid(f54d1bd14bd3ca042bd867b519fee8cc) Importer(815301076,1909f56bfc062723c751e8b465ee728b)
Start importing Assets/TextMesh Pro using Guid(f54d1bd14bd3ca042bd867b519fee8cc) Importer(815301076,1909f56bfc062723c751e8b465ee728b)  -> (artifact id: '30796653c4dfc1f2480bca9d8b60487c') in 0.000402 seconds 
Number of updated asset objects reloaded before import = 0
Number of asset objects unloaded after import = 0
========================================================================
Received Import Request.
  Time since last request: 0.003011 seconds.
  path: Assets/Sprites/tower-defense/enemy/3/bee_walk.anim
  artifactKey: Guid(44ac4d0ef92356c4da12260220edbccb) Importer(815301076,1909f56bfc062723c751e8b465ee728b)
Start importing Assets/Sprites/tower-defense/enemy/3/bee_walk.anim using Guid(44ac4d0ef92356c4da12260220edbccb) Importer(815301076,1909f56bfc062723c751e8b465ee728b)  -> (artifact id: 'ea9ef4e77bfd30b87116c6bd5e3b5139') in 0.000943 seconds 
Number of updated asset objects reloaded before import = 0
Number of asset objects unloaded after import = 1
========================================================================
Received Import Request.
  Time since last request: 0.003368 seconds.
  path: Assets/Sprites/tower-defense/3 Units/3/D_Attack.png
  artifactKey: Guid(fa6b52af7df86ab4bb83896deeb58c6b) Importer(815301076,1909f56bfc062723c751e8b465ee728b)
Start importing Assets/Sprites/tower-defense/3 Units/3/D_Attack.png using Guid(fa6b52af7df86ab4bb83896deeb58c6b) Importer(815301076,1909f56bfc062723c751e8b465ee728b)  -> (artifact id: '889a2fa303afcc34a39ec93131496fae') in 0.056516 seconds 
Number of updated asset objects reloaded before import = 0
Number of asset objects unloaded after import = 3
========================================================================
Received Import Request.
  Time since last request: 0.075388 seconds.
  path: Assets/Menu/Scripts/MenuButton.cs
  artifactKey: Guid(785919030f0de874fb21414685631ff3) Importer(815301076,1909f56bfc062723c751e8b465ee728b)
Start importing Assets/Menu/Scripts/MenuButton.cs using Guid(785919030f0de874fb21414685631ff3) Importer(815301076,1909f56bfc062723c751e8b465ee728b)  -> (artifact id: 'eee9e52736bda4180b949099a6e943aa') in 0.000444 seconds 
Number of updated asset objects reloaded before import = 0
Number of asset objects unloaded after import = 0
========================================================================
Received Import Request.
  Time since last request: 0.026870 seconds.
  path: Assets/TextMesh Pro/Shaders/TMP_Bitmap-Custom-Atlas.shader
  artifactKey: Guid(48bb5f55d8670e349b6e614913f9d910) Importer(815301076,1909f56bfc062723c751e8b465ee728b)
Start importing Assets/TextMesh Pro/Shaders/TMP_Bitmap-Custom-Atlas.shader using Guid(48bb5f55d8670e349b6e614913f9d910) Importer(815301076,1909f56bfc062723c751e8b465ee728b)  -> (artifact id: '6ab1b3a16509e6598807cccd5bb979ba') in 0.000730 seconds 
Number of updated asset objects reloaded before import = 0
Number of asset objects unloaded after import = 0
========================================================================
Received Import Request.
  Time since last request: 0.047117 seconds.
  path: Assets/TextMesh Pro/Resources/Style Sheets/Default Style Sheet.asset
  artifactKey: Guid(f952c082cb03451daed3ee968ac6c63e) Importer(815301076,1909f56bfc062723c751e8b465ee728b)
Start importing Assets/TextMesh Pro/Resources/Style Sheets/Default Style Sheet.asset using Guid(f952c082cb03451daed3ee968ac6c63e) Importer(815301076,1909f56bfc062723c751e8b465ee728b)  -> (artifact id: 'af00edb55e05cf3e37977090ae9927d6') in 0.001371 seconds 
Number of updated asset objects reloaded before import = 0
Number of asset objects unloaded after import = 1
========================================================================
Received Import Request.
  Time since last request: 0.026866 seconds.
  path: Assets/Sprites/tower-defense/2 Objects/4 Stone
  artifactKey: Guid(8f2f744563e34ad479a19dc2637e3709) Importer(815301076,1909f56bfc062723c751e8b465ee728b)
Start importing Assets/Sprites/tower-defense/2 Objects/4 Stone using Guid(8f2f744563e34ad479a19dc2637e3709) Importer(815301076,1909f56bfc062723c751e8b465ee728b)  -> (artifact id: '8bd9c517e70e79876c5a68d76e4684e9') in 0.000358 seconds 
Number of updated asset objects reloaded before import = 0
Number of asset objects unloaded after import = 0
========================================================================
Received Import Request.
  Time since last request: 0.011150 seconds.
  path: Assets/TextMesh Pro/Resources/Sprite Assets/EmojiOne.asset
  artifactKey: Guid(c41005c129ba4d66911b75229fd70b45) Importer(815301076,1909f56bfc062723c751e8b465ee728b)
Start importing Assets/TextMesh Pro/Resources/Sprite Assets/EmojiOne.asset using Guid(c41005c129ba4d66911b75229fd70b45) Importer(815301076,1909f56bfc062723c751e8b465ee728b)  -> (artifact id: '49f57928ea3e50016ba38984b95b8e5d') in 0.003100 seconds 
Number of updated asset objects reloaded before import = 0
Number of asset objects unloaded after import = 3
========================================================================
Received Import Request.
  Time since last request: 0.012793 seconds.
  path: Assets/TextMesh Pro/Shaders/TMP_Sprite.shader
  artifactKey: Guid(cf81c85f95fe47e1a27f6ae460cf182c) Importer(815301076,1909f56bfc062723c751e8b465ee728b)
Start importing Assets/TextMesh Pro/Shaders/TMP_Sprite.shader using Guid(cf81c85f95fe47e1a27f6ae460cf182c) Importer(815301076,1909f56bfc062723c751e8b465ee728b)  -> (artifact id: '82586380ba1f2a5e6e74a62ac894a4a1') in 0.000641 seconds 
Number of updated asset objects reloaded before import = 0
Number of asset objects unloaded after import = 0
========================================================================
Received Import Request.
  Time since last request: 0.070553 seconds.
  path: Assets/TextMesh Pro/Resources/Fonts & Materials/LiberationSans SDF - Outline.mat
  artifactKey: Guid(79459efec17a4d00a321bdcc27bbc385) Importer(815301076,1909f56bfc062723c751e8b465ee728b)
Start importing Assets/TextMesh Pro/Resources/Fonts & Materials/LiberationSans SDF - Outline.mat using Guid(79459efec17a4d00a321bdcc27bbc385) Importer(815301076,1909f56bfc062723c751e8b465ee728b)  -> (artifact id: 'a5c2a59d08bacdde9f00cc17d5b5b604') in 0.039007 seconds 
Number of updated asset objects reloaded before import = 0
Number of asset objects unloaded after import = 2
========================================================================
Received Import Request.
  Time since last request: 0.021226 seconds.
  path: Assets/TextMesh Pro/Resources/Sprite Assets
  artifactKey: Guid(512a49d95c0c4332bdd98131869c23c9) Importer(815301076,1909f56bfc062723c751e8b465ee728b)
Start importing Assets/TextMesh Pro/Resources/Sprite Assets using Guid(512a49d95c0c4332bdd98131869c23c9) Importer(815301076,1909f56bfc062723c751e8b465ee728b)  -> (artifact id: 'a4be22d1ef66f63031ca6da898dd5950') in 0.000419 seconds 
Number of updated asset objects reloaded before import = 0
Number of asset objects unloaded after import = 0
========================================================================
Received Import Request.
  Time since last request: 0.052743 seconds.
  path: Assets/Menu/Scripts/GraphicsSettings.cs
  artifactKey: Guid(003b89496632a164896c96e68d0c96cf) Importer(815301076,1909f56bfc062723c751e8b465ee728b)
Start importing Assets/Menu/Scripts/GraphicsSettings.cs using Guid(003b89496632a164896c96e68d0c96cf) Importer(815301076,1909f56bfc062723c751e8b465ee728b)  -> (artifact id: '14ba8e3057c00d04f70837a280cb82a4') in 0.000465 seconds 
Number of updated asset objects reloaded before import = 0
Number of asset objects unloaded after import = 0
========================================================================
Received Import Request.
  Time since last request: 0.027744 seconds.
  path: Assets/Sprites/tower-defense/2 Objects/8 Camp
  artifactKey: Guid(a0685cfd65cdb194a84ad78aa60026bb) Importer(815301076,1909f56bfc062723c751e8b465ee728b)
Start importing Assets/Sprites/tower-defense/2 Objects/8 Camp using Guid(a0685cfd65cdb194a84ad78aa60026bb) Importer(815301076,1909f56bfc062723c751e8b465ee728b)  -> (artifact id: '1656b268d68023312fe13cd78b0d746d') in 0.000348 seconds 
Number of updated asset objects reloaded before import = 0
Number of asset objects unloaded after import = 0
========================================================================
Received Import Request.
  Time since last request: 0.012794 seconds.
  path: Assets/TextMesh Pro/Sprites/EmojiOne.png
  artifactKey: Guid(dffef66376be4fa480fb02b19edbe903) Importer(815301076,1909f56bfc062723c751e8b465ee728b)
Start importing Assets/TextMesh Pro/Sprites/EmojiOne.png using Guid(dffef66376be4fa480fb02b19edbe903) Importer(815301076,1909f56bfc062723c751e8b465ee728b)  -> (artifact id: '1284e323084a4e71368bce129e8392b9') in 0.009317 seconds 
Number of updated asset objects reloaded before import = 0
Number of asset objects unloaded after import = 2
========================================================================
Received Import Request.
  Time since last request: 0.043615 seconds.
  path: Assets/Menu/Scripts
  artifactKey: Guid(5dc1470c1c776fd4d815ea30d8b55d47) Importer(815301076,1909f56bfc062723c751e8b465ee728b)
Start importing Assets/Menu/Scripts using Guid(5dc1470c1c776fd4d815ea30d8b55d47) Importer(815301076,1909f56bfc062723c751e8b465ee728b)  -> (artifact id: 'b816f16b5577f980be66d261f6e18457') in 0.000396 seconds 
Number of updated asset objects reloaded before import = 0
Number of asset objects unloaded after import = 0
========================================================================
Received Import Request.
  Time since last request: 0.036379 seconds.
  path: Assets/Sprites/tower-defense/3 Units/Arrow/20.png
  artifactKey: Guid(c4ee61e3d7ffc9049ad9c6320f4694ba) Importer(815301076,1909f56bfc062723c751e8b465ee728b)
Start importing Assets/Sprites/tower-defense/3 Units/Arrow/20.png using Guid(c4ee61e3d7ffc9049ad9c6320f4694ba) Importer(815301076,1909f56bfc062723c751e8b465ee728b)  -> (artifact id: '3b1e092dc68d2727fc1ea7fe9fdbdf24') in 0.010849 seconds 
Number of updated asset objects reloaded before import = 0
Number of asset objects unloaded after import = 3
========================================================================
Received Import Request.
  Time since last request: 0.062250 seconds.
  path: Assets/TextMesh Pro/Shaders/TMP_SDF Overlay.shader
  artifactKey: Guid(dd89cf5b9246416f84610a006f916af7) Importer(815301076,1909f56bfc062723c751e8b465ee728b)
Start importing Assets/TextMesh Pro/Shaders/TMP_SDF Overlay.shader using Guid(dd89cf5b9246416f84610a006f916af7) Importer(815301076,1909f56bfc062723c751e8b465ee728b)  -> (artifact id: 'ad2676743b9a8fe39b339086448da78a') in 0.000777 seconds 
Number of updated asset objects reloaded before import = 0
Number of asset objects unloaded after import = 0
========================================================================
Received Import Request.
  Time since last request: 0.052768 seconds.
  path: Assets/Sprites/tower-defense/enemy/3/wolf_walk.anim
  artifactKey: Guid(c7641990ab632b74189d230d9e3f11a6) Importer(815301076,1909f56bfc062723c751e8b465ee728b)
Start importing Assets/Sprites/tower-defense/enemy/3/wolf_walk.anim using Guid(c7641990ab632b74189d230d9e3f11a6) Importer(815301076,1909f56bfc062723c751e8b465ee728b)  -> (artifact id: '37883a21402c9758b872ea91994ca150') in 0.000889 seconds 
Number of updated asset objects reloaded before import = 0
Number of asset objects unloaded after import = 1
========================================================================
Received Import Request.
  Time since last request: 0.021499 seconds.
  path: Assets/Scripts/CheckOut.cs
  artifactKey: Guid(c0b84d42d3edb7944809f57da25cc9e8) Importer(815301076,1909f56bfc062723c751e8b465ee728b)
Start importing Assets/Scripts/CheckOut.cs using Guid(c0b84d42d3edb7944809f57da25cc9e8) Importer(815301076,1909f56bfc062723c751e8b465ee728b)  -> (artifact id: '1421e36b56e4f68caadf176774eb3efb') in 0.000369 seconds 
Number of updated asset objects reloaded before import = 0
Number of asset objects unloaded after import = 0
========================================================================
Received Import Request.
  Time since last request: 0.028059 seconds.
  path: Assets/Menu/Scripts/AudioSettings.cs
  artifactKey: Guid(f7270a57f2ce87e40add78bd0bbaf6c9) Importer(815301076,1909f56bfc062723c751e8b465ee728b)
Start importing Assets/Menu/Scripts/AudioSettings.cs using Guid(f7270a57f2ce87e40add78bd0bbaf6c9) Importer(815301076,1909f56bfc062723c751e8b465ee728b)  -> (artifact id: 'd58c21280a1cd1beaae849f483853d3c') in 0.000557 seconds 
Number of updated asset objects reloaded before import = 0
Number of asset objects unloaded after import = 0
========================================================================
Received Import Request.
  Time since last request: 0.078342 seconds.
  path: Assets/Sprites/tower-defense/enemy/3/Wolf.controller
  artifactKey: Guid(aafba192304483d48996820ae00e7ed8) Importer(815301076,1909f56bfc062723c751e8b465ee728b)
Start importing Assets/Sprites/tower-defense/enemy/3/Wolf.controller using Guid(aafba192304483d48996820ae00e7ed8) Importer(815301076,1909f56bfc062723c751e8b465ee728b)  -> (artifact id: '41723213350d199186cffaf0caee9fb4') in 0.001009 seconds 
Number of updated asset objects reloaded before import = 0
Number of asset objects unloaded after import = 4
========================================================================
Received Import Request.
  Time since last request: 0.012150 seconds.
  path: Assets/Sprites/tower-defense/enemy/3/Wolf 1.controller
  artifactKey: Guid(26fece86059af7945b014a20dd5f7a64) Importer(815301076,1909f56bfc062723c751e8b465ee728b)
Start importing Assets/Sprites/tower-defense/enemy/3/Wolf 1.controller using Guid(26fece86059af7945b014a20dd5f7a64) Importer(815301076,1909f56bfc062723c751e8b465ee728b)  -> (artifact id: '88784632c382edea4ca9154f248c9367') in 0.001082 seconds 
Number of updated asset objects reloaded before import = 0
Number of asset objects unloaded after import = 4
========================================================================
Received Import Request.
  Time since last request: 0.012117 seconds.
  path: Assets/TextMesh Pro/Sprites/EmojiOne.json
  artifactKey: Guid(8f05276190cf498a8153f6cbe761d4e6) Importer(815301076,1909f56bfc062723c751e8b465ee728b)
Start importing Assets/TextMesh Pro/Sprites/EmojiOne.json using Guid(8f05276190cf498a8153f6cbe761d4e6) Importer(815301076,1909f56bfc062723c751e8b465ee728b)  -> (artifact id: 'd8fb3b35584e293e1af718b86d7fa852') in 0.000789 seconds 
Number of updated asset objects reloaded before import = 0
Number of asset objects unloaded after import = 1
========================================================================
Received Import Request.
  Time since last request: 0.057916 seconds.
  path: Assets/Scenes/Level 1.unity
  artifactKey: Guid(9d560a18498705a488a95d05454cdf38) Importer(815301076,1909f56bfc062723c751e8b465ee728b)
Start importing Assets/Scenes/Level 1.unity using Guid(9d560a18498705a488a95d05454cdf38) Importer(815301076,1909f56bfc062723c751e8b465ee728b)  -> (artifact id: 'c40069affac9d5d8fbaa8157fdb7bff5') in 0.000447 seconds 
Number of updated asset objects reloaded before import = 0
Number of asset objects unloaded after import = 0
========================================================================
Received Import Request.
  Time since last request: 0.116514 seconds.
  path: Assets/Sprites/tower-defense/3 Units/Arrow/19.png
  artifactKey: Guid(93af4b629c4a20b4ea3251544d625c84) Importer(815301076,1909f56bfc062723c751e8b465ee728b)
Start importing Assets/Sprites/tower-defense/3 Units/Arrow/19.png using Guid(93af4b629c4a20b4ea3251544d625c84) Importer(815301076,1909f56bfc062723c751e8b465ee728b)  -> (artifact id: 'eb156034982c7ffa1292cdfdf5463d8d') in 0.009277 seconds 
Number of updated asset objects reloaded before import = 0
Number of asset objects unloaded after import = 3
========================================================================
Received Import Request.
  Time since last request: 0.015299 seconds.
  path: Assets/TextMesh Pro/Documentation
  artifactKey: Guid(8e7e8f5a82a3a134e91c54efd2274ea9) Importer(815301076,1909f56bfc062723c751e8b465ee728b)
Start importing Assets/TextMesh Pro/Documentation using Guid(8e7e8f5a82a3a134e91c54efd2274ea9) Importer(815301076,1909f56bfc062723c751e8b465ee728b)  -> (artifact id: '1284b6d9112892823920c4a518038a02') in 0.000433 seconds 
Number of updated asset objects reloaded before import = 0
Number of asset objects unloaded after import = 0
========================================================================
Received Import Request.
  Time since last request: 0.038463 seconds.
  path: Assets/TextMesh Pro/Shaders/TMP_SDF-Mobile Masking.shader
  artifactKey: Guid(bc1ede39bf3643ee8e493720e4259791) Importer(815301076,1909f56bfc062723c751e8b465ee728b)
Start importing Assets/TextMesh Pro/Shaders/TMP_SDF-Mobile Masking.shader using Guid(bc1ede39bf3643ee8e493720e4259791) Importer(815301076,1909f56bfc062723c751e8b465ee728b)  -> (artifact id: '5491fe898c2501162e9804cc8eaae957') in 0.000708 seconds 
Number of updated asset objects reloaded before import = 0
Number of asset objects unloaded after import = 0
========================================================================
Received Import Request.
  Time since last request: 0.038607 seconds.
  path: Assets/TextMesh Pro/Shaders/TMPro_Mobile.cginc
  artifactKey: Guid(c334973cef89a9840b0b0c507e0377ab) Importer(815301076,1909f56bfc062723c751e8b465ee728b)
Start importing Assets/TextMesh Pro/Shaders/TMPro_Mobile.cginc using Guid(c334973cef89a9840b0b0c507e0377ab) Importer(815301076,1909f56bfc062723c751e8b465ee728b)  -> (artifact id: 'ed4948e3d3b156c358d774882348c13a') in 0.000915 seconds 
Number of updated asset objects reloaded before import = 0
Number of asset objects unloaded after import = 1
========================================================================
Received Import Request.
  Time since last request: 0.003124 seconds.
  path: Assets/TextMesh Pro/Resources/Fonts & Materials/LiberationSans SDF - Fallback.asset
  artifactKey: Guid(2e498d1c8094910479dc3e1b768306a4) Importer(815301076,1909f56bfc062723c751e8b465ee728b)
Start importing Assets/TextMesh Pro/Resources/Fonts & Materials/LiberationSans SDF - Fallback.asset using Guid(2e498d1c8094910479dc3e1b768306a4) Importer(815301076,1909f56bfc062723c751e8b465ee728b)  -> (artifact id: 'c1e1732005cef16f2579b76c4b08fab3') in 0.018888 seconds 
Number of updated asset objects reloaded before import = 0
Number of asset objects unloaded after import = 6
========================================================================
Received Import Request.
  Time since last request: 0.029132 seconds.
  path: Assets/Sprites/tower-defense/3 Units/Arrow/21.png
  artifactKey: Guid(e6af85d8f0ae8c143a8564e068da428f) Importer(815301076,1909f56bfc062723c751e8b465ee728b)
Start importing Assets/Sprites/tower-defense/3 Units/Arrow/21.png using Guid(e6af85d8f0ae8c143a8564e068da428f) Importer(815301076,1909f56bfc062723c751e8b465ee728b)  -> (artifact id: '4f5caa5834c7b77fd768001344066d93') in 0.008259 seconds 
Number of updated asset objects reloaded before import = 0
Number of asset objects unloaded after import = 3
========================================================================
Received Import Request.
  Time since last request: 0.019326 seconds.
  path: Assets/Sprites/tower-defense/2 Objects/5 Grass
  artifactKey: Guid(f27611d950e92bd4e9e33ec075fa1590) Importer(815301076,1909f56bfc062723c751e8b465ee728b)
Start importing Assets/Sprites/tower-defense/2 Objects/5 Grass using Guid(f27611d950e92bd4e9e33ec075fa1590) Importer(815301076,1909f56bfc062723c751e8b465ee728b)  -> (artifact id: 'fdfe8f4319617a17981425adf86f7f88') in 0.000418 seconds 
Number of updated asset objects reloaded before import = 0
Number of asset objects unloaded after import = 0
========================================================================
Received Import Request.
  Time since last request: 0.065375 seconds.
  path: Assets/TextMesh Pro/Resources/TMP Settings.asset
  artifactKey: Guid(3f5b5dff67a942289a9defa416b206f3) Importer(815301076,1909f56bfc062723c751e8b465ee728b)
Start importing Assets/TextMesh Pro/Resources/TMP Settings.asset using Guid(3f5b5dff67a942289a9defa416b206f3) Importer(815301076,1909f56bfc062723c751e8b465ee728b)  -> (artifact id: '03ea1972c79e2717dc61467c8ce2277e') in 0.013847 seconds 
Number of updated asset objects reloaded before import = 0
Number of asset objects unloaded after import = 15
========================================================================
Received Import Request.
  Time since last request: 0.021775 seconds.
  path: Assets/MobileDependencyResolver/Editor/Google.JarResolver.dll
  artifactKey: Guid(97738b29c18143b0a469277b09d35889) Importer(815301076,1909f56bfc062723c751e8b465ee728b)
Start importing Assets/MobileDependencyResolver/Editor/Google.JarResolver.dll using Guid(97738b29c18143b0a469277b09d35889) Importer(815301076,1909f56bfc062723c751e8b465ee728b)  -> (artifact id: '3bdb4a8232990c406e4db5d4afe6dad7') in 0.000408 seconds 
Number of updated asset objects reloaded before import = 0
Number of asset objects unloaded after import = 0
========================================================================
Received Import Request.
  Time since last request: 0.049674 seconds.
  path: Assets/TextMesh Pro/Documentation/TextMesh Pro User Guide 2016.pdf
  artifactKey: Guid(1b8d251f9af63b746bf2f7ffe00ebb9b) Importer(815301076,1909f56bfc062723c751e8b465ee728b)
Start importing Assets/TextMesh Pro/Documentation/TextMesh Pro User Guide 2016.pdf using Guid(1b8d251f9af63b746bf2f7ffe00ebb9b) Importer(815301076,1909f56bfc062723c751e8b465ee728b)  -> (artifact id: 'b77d945af6f2a2ba96621f031f3cbc4d') in 0.000799 seconds 
Number of updated asset objects reloaded before import = 0
Number of asset objects unloaded after import = 1
========================================================================
Received Import Request.
  Time since last request: 0.020578 seconds.
  path: Assets/Sprites/tower-defense/enemy/License.txt
  artifactKey: Guid(fdcf82b44c8be5249a414cb01d0e3a4c) Importer(815301076,1909f56bfc062723c751e8b465ee728b)
Start importing Assets/Sprites/tower-defense/enemy/License.txt using Guid(fdcf82b44c8be5249a414cb01d0e3a4c) Importer(815301076,1909f56bfc062723c751e8b465ee728b)  -> (artifact id: '38fb72d96f3e68a7094c6e20286b74b4') in 0.000985 seconds 
Number of updated asset objects reloaded before import = 0
Number of asset objects unloaded after import = 1
========================================================================
Received Import Request.
  Time since last request: 0.002330 seconds.
  path: Assets/TextMesh Pro/Resources
  artifactKey: Guid(243e06394e614e5d99fab26083b707fa) Importer(815301076,1909f56bfc062723c751e8b465ee728b)
Start importing Assets/TextMesh Pro/Resources using Guid(243e06394e614e5d99fab26083b707fa) Importer(815301076,1909f56bfc062723c751e8b465ee728b)  -> (artifact id: 'b2c36a6349224b0ebebc1e51428e6fea') in 0.000322 seconds 
Number of updated asset objects reloaded before import = 0
Number of asset objects unloaded after import = 0
========================================================================
Received Import Request.
  Time since last request: 0.033022 seconds.
  path: Assets/TextMesh Pro/Fonts/LiberationSans.ttf
  artifactKey: Guid(e3265ab4bf004d28a9537516768c1c75) Importer(815301076,1909f56bfc062723c751e8b465ee728b)
Start importing Assets/TextMesh Pro/Fonts/LiberationSans.ttf using Guid(e3265ab4bf004d28a9537516768c1c75) Importer(815301076,1909f56bfc062723c751e8b465ee728b)  -> (artifact id: '8756f7c291147a75e95d0f4a0d9e7e56') in 0.012334 seconds 
Number of updated asset objects reloaded before import = 0
Number of asset objects unloaded after import = 4
========================================================================
Received Import Request.
  Time since last request: 0.012962 seconds.
  path: Assets/MobileDependencyResolver/Editor/mobile-dependency-resolver.txt
  artifactKey: Guid(85ae9201cbc641ffa2fa8aab6c5e9093) Importer(815301076,1909f56bfc062723c751e8b465ee728b)
Start importing Assets/MobileDependencyResolver/Editor/mobile-dependency-resolver.txt using Guid(85ae9201cbc641ffa2fa8aab6c5e9093) Importer(815301076,1909f56bfc062723c751e8b465ee728b)  -> (artifact id: 'a0e12555b0e64a5f86e21199477782c0') in 0.000889 seconds 
Number of updated asset objects reloaded before import = 0
Number of asset objects unloaded after import = 1
========================================================================
Received Import Request.
  Time since last request: 0.072540 seconds.
  path: Assets/TextMesh Pro/Shaders
  artifactKey: Guid(e9f693669af91aa45ad615fc681ed29f) Importer(815301076,1909f56bfc062723c751e8b465ee728b)
Start importing Assets/TextMesh Pro/Shaders using Guid(e9f693669af91aa45ad615fc681ed29f) Importer(815301076,1909f56bfc062723c751e8b465ee728b)  -> (artifact id: '82f431fb395f9d0dbbb787304cdb51f5') in 0.000362 seconds 
Number of updated asset objects reloaded before import = 0
Number of asset objects unloaded after import = 0
========================================================================
Received Import Request.
  Time since last request: 0.030591 seconds.
  path: Assets/TextMesh Pro/Shaders/TMPro_Surface.cginc
  artifactKey: Guid(d930090c0cd643c7b55f19a38538c162) Importer(815301076,1909f56bfc062723c751e8b465ee728b)
Start importing Assets/TextMesh Pro/Shaders/TMPro_Surface.cginc using Guid(d930090c0cd643c7b55f19a38538c162) Importer(815301076,1909f56bfc062723c751e8b465ee728b)  -> (artifact id: '9c686a485411b244d6b24147d7663491') in 0.000997 seconds 
Number of updated asset objects reloaded before import = 0
Number of asset objects unloaded after import = 1
========================================================================
Received Import Request.
  Time since last request: 0.061642 seconds.
  path: Assets/MobileDependencyResolver/Editor/Google.VersionHandlerImpl.dll
  artifactKey: Guid(369cd88e7aa04bd98e0f6c229f7c1510) Importer(815301076,1909f56bfc062723c751e8b465ee728b)
Start importing Assets/MobileDependencyResolver/Editor/Google.VersionHandlerImpl.dll using Guid(369cd88e7aa04bd98e0f6c229f7c1510) Importer(815301076,1909f56bfc062723c751e8b465ee728b)  -> (artifact id: 'a00ada2bf072b5697b0771649c90466a') in 0.000359 seconds 
Number of updated asset objects reloaded before import = 0
Number of asset objects unloaded after import = 0
========================================================================
Received Import Request.
  Time since last request: 0.097823 seconds.
  path: Assets/MobileDependencyResolver/Editor
  artifactKey: Guid(e105e00cdce8456482d26b1fcd1ca47d) Importer(815301076,1909f56bfc062723c751e8b465ee728b)
Start importing Assets/MobileDependencyResolver/Editor using Guid(e105e00cdce8456482d26b1fcd1ca47d) Importer(815301076,1909f56bfc062723c751e8b465ee728b)  -> (artifact id: 'ef0be032898c7168be8cfa8ddd8a56de') in 0.000528 seconds 
Number of updated asset objects reloaded before import = 0
Number of asset objects unloaded after import = 0
========================================================================
Received Import Request.
  Time since last request: 0.189666 seconds.
  path: Assets/Sprites/tower-defense/2 Objects/6 Flower/Materials
  artifactKey: Guid(ee8fa53d50471e74c85e3756e8fa5121) Importer(815301076,1909f56bfc062723c751e8b465ee728b)
Start importing Assets/Sprites/tower-defense/2 Objects/6 Flower/Materials using Guid(ee8fa53d50471e74c85e3756e8fa5121) Importer(815301076,1909f56bfc062723c751e8b465ee728b)  -> (artifact id: '7d87c28ba6e9c97dba32d7e4220e1d66') in 0.000347 seconds 
Number of updated asset objects reloaded before import = 0
Number of asset objects unloaded after import = 0
========================================================================
Received Import Request.
  Time since last request: 0.002006 seconds.
  path: Assets/Sprites/tower-defense/3 Units/3
  artifactKey: Guid(921de293e03200f4e88a0d4607eb47bf) Importer(815301076,1909f56bfc062723c751e8b465ee728b)
Start importing Assets/Sprites/tower-defense/3 Units/3 using Guid(921de293e03200f4e88a0d4607eb47bf) Importer(815301076,1909f56bfc062723c751e8b465ee728b)  -> (artifact id: 'd4ed8b8c761bb732ca1fa648e51bcec9') in 0.000472 seconds 
Number of updated asset objects reloaded before import = 0
Number of asset objects unloaded after import = 0
========================================================================
Received Import Request.
  Time since last request: 0.045345 seconds.
  path: Assets/TextMesh Pro/Resources/Fonts & Materials/LiberationSans SDF.asset
  artifactKey: Guid(8f586378b4e144a9851e7b34d9b748ee) Importer(815301076,1909f56bfc062723c751e8b465ee728b)
Start importing Assets/TextMesh Pro/Resources/Fonts & Materials/LiberationSans SDF.asset using Guid(8f586378b4e144a9851e7b34d9b748ee) Importer(815301076,1909f56bfc062723c751e8b465ee728b)  -> (artifact id: '59f4a0245a01ebbc5d138adf2bc6129c') in 0.026216 seconds 
Number of updated asset objects reloaded before import = 0
Number of asset objects unloaded after import = 9
========================================================================
Received Import Request.
  Time since last request: 0.006708 seconds.
  path: Assets/Menu/Scripts/Audio.cs
  artifactKey: Guid(031fdc4f58151e7479c5362f7d9465a7) Importer(815301076,1909f56bfc062723c751e8b465ee728b)
Start importing Assets/Menu/Scripts/Audio.cs using Guid(031fdc4f58151e7479c5362f7d9465a7) Importer(815301076,1909f56bfc062723c751e8b465ee728b)  -> (artifact id: 'ee065b8445df8ee26c307ab078a78426') in 0.000412 seconds 
Number of updated asset objects reloaded before import = 0
Number of asset objects unloaded after import = 0
========================================================================
Received Import Request.
  Time since last request: 0.084801 seconds.
  path: Assets/TextMesh Pro/Sprites/EmojiOne Attribution.txt
  artifactKey: Guid(381dcb09d5029d14897e55f98031fca5) Importer(815301076,1909f56bfc062723c751e8b465ee728b)
Start importing Assets/TextMesh Pro/Sprites/EmojiOne Attribution.txt using Guid(381dcb09d5029d14897e55f98031fca5) Importer(815301076,1909f56bfc062723c751e8b465ee728b)  -> (artifact id: '44d0d565c80eed902ab8a5b1ea83cabb') in 0.000987 seconds 
Number of updated asset objects reloaded before import = 0
Number of asset objects unloaded after import = 1
========================================================================
Received Import Request.
  Time since last request: 0.032395 seconds.
  path: Assets/Sprites/tower-defense/License.txt
  artifactKey: Guid(35efa0998fb990f4a9161efe023a85df) Importer(815301076,1909f56bfc062723c751e8b465ee728b)
Start importing Assets/Sprites/tower-defense/License.txt using Guid(35efa0998fb990f4a9161efe023a85df) Importer(815301076,1909f56bfc062723c751e8b465ee728b)  -> (artifact id: '7d758245b637a42a594c5cbfd2b334ea') in 0.000806 seconds 
Number of updated asset objects reloaded before import = 0
Number of asset objects unloaded after import = 1
========================================================================
Received Import Request.
  Time since last request: 0.002221 seconds.
  path: Assets/MobileDependencyResolver
  artifactKey: Guid(333d24e71d12446ba5c77815e64b0ca8) Importer(815301076,1909f56bfc062723c751e8b465ee728b)
Start importing Assets/MobileDependencyResolver using Guid(333d24e71d12446ba5c77815e64b0ca8) Importer(815301076,1909f56bfc062723c751e8b465ee728b)  -> (artifact id: '817e2c7c0dacd87242716caac499fbed') in 0.000325 seconds 
Number of updated asset objects reloaded before import = 0
Number of asset objects unloaded after import = 0
========================================================================
Received Import Request.
  Time since last request: 0.003501 seconds.
  path: Assets/MobileDependencyResolver/Editor/Google.IOSResolver.dll
  artifactKey: Guid(a1e8415cfe85469f9aa0aea941166031) Importer(815301076,1909f56bfc062723c751e8b465ee728b)
Start importing Assets/MobileDependencyResolver/Editor/Google.IOSResolver.dll using Guid(a1e8415cfe85469f9aa0aea941166031) Importer(815301076,1909f56bfc062723c751e8b465ee728b)  -> (artifact id: '55436c0c24fa315450ad7387eb050ae7') in 0.000469 seconds 
Number of updated asset objects reloaded before import = 0
Number of asset objects unloaded after import = 0
========================================================================
Received Import Request.
  Time since last request: 0.177897 seconds.
  path: Assets/Scenes/Level2.unity
  artifactKey: Guid(5bdaaad965f13b84bacc17074755ad7b) Importer(815301076,1909f56bfc062723c751e8b465ee728b)
Start importing Assets/Scenes/Level2.unity using Guid(5bdaaad965f13b84bacc17074755ad7b) Importer(815301076,1909f56bfc062723c751e8b465ee728b)  -> (artifact id: '98da7ac71b3719cff1b98d98c91222f6') in 0.000391 seconds 
Number of updated asset objects reloaded before import = 0
Number of asset objects unloaded after import = 0
========================================================================
Received Import Request.
  Time since last request: 0.141918 seconds.
  path: Assets/TextMesh Pro/Shaders/TMP_Bitmap-Mobile.shader
  artifactKey: Guid(1e3b057af24249748ff873be7fafee47) Importer(815301076,1909f56bfc062723c751e8b465ee728b)
Start importing Assets/TextMesh Pro/Shaders/TMP_Bitmap-Mobile.shader using Guid(1e3b057af24249748ff873be7fafee47) Importer(815301076,1909f56bfc062723c751e8b465ee728b)  -> (artifact id: '689adc8173aa305827459504c1fd0c81') in 0.000762 seconds 
Number of updated asset objects reloaded before import = 0
Number of asset objects unloaded after import = 0
========================================================================
Received Import Request.
  Time since last request: 0.003176 seconds.
  path: Assets/Sprites/tower-defense/enemy/2/Goblin_walk.anim
  artifactKey: Guid(fb161dc1d4860ba44aff2d623f5dda6e) Importer(815301076,1909f56bfc062723c751e8b465ee728b)
Start importing Assets/Sprites/tower-defense/enemy/2/Goblin_walk.anim using Guid(fb161dc1d4860ba44aff2d623f5dda6e) Importer(815301076,1909f56bfc062723c751e8b465ee728b)  -> (artifact id: 'd7459fbd86eb387970584a5f933bc66a') in 0.000864 seconds 
Number of updated asset objects reloaded before import = 0
Number of asset objects unloaded after import = 1
========================================================================
Received Import Request.
  Time since last request: 0.003425 seconds.
  path: Assets/TextMesh Pro/Shaders/TMP_SDF-Mobile Overlay.shader
  artifactKey: Guid(a02a7d8c237544f1962732b55a9aebf1) Importer(815301076,1909f56bfc062723c751e8b465ee728b)
Start importing Assets/TextMesh Pro/Shaders/TMP_SDF-Mobile Overlay.shader using Guid(a02a7d8c237544f1962732b55a9aebf1) Importer(815301076,1909f56bfc062723c751e8b465ee728b)  -> (artifact id: '1a8a4969d93fef783e2cc1c8b0115b41') in 0.000574 seconds 
Number of updated asset objects reloaded before import = 0
Number of asset objects unloaded after import = 0
========================================================================
Received Import Request.
  Time since last request: 0.021491 seconds.
  path: Assets/TextMesh Pro/Resources/LineBreaking Leading Characters.txt
  artifactKey: Guid(d82c1b31c7e74239bff1220585707d2b) Importer(815301076,1909f56bfc062723c751e8b465ee728b)
Start importing Assets/TextMesh Pro/Resources/LineBreaking Leading Characters.txt using Guid(d82c1b31c7e74239bff1220585707d2b) Importer(815301076,1909f56bfc062723c751e8b465ee728b)  -> (artifact id: 'c0e0872a344a2232916630376c77a2c5') in 0.000862 seconds 
Number of updated asset objects reloaded before import = 0
Number of asset objects unloaded after import = 1
========================================================================
Received Import Request.
  Time since last request: 0.055079 seconds.
  path: Assets/TextMesh Pro/Resources/Fonts & Materials/LiberationSans SDF - Drop Shadow.mat
  artifactKey: Guid(e73a58f6e2794ae7b1b7e50b7fb811b0) Importer(815301076,1909f56bfc062723c751e8b465ee728b)
Start importing Assets/TextMesh Pro/Resources/Fonts & Materials/LiberationSans SDF - Drop Shadow.mat using Guid(e73a58f6e2794ae7b1b7e50b7fb811b0) Importer(815301076,1909f56bfc062723c751e8b465ee728b)  -> (artifact id: '4a645f1bc00b5605947e84111e17e980') in 0.020781 seconds 
Number of updated asset objects reloaded before import = 0
Number of asset objects unloaded after import = 2
========================================================================
Received Import Request.
  Time since last request: 0.040201 seconds.
  path: Assets/Sprites/tower-defense/enemy/2/S_Walk_4.controller
  artifactKey: Guid(10282eade2c70c3429ced9f40f62978d) Importer(815301076,1909f56bfc062723c751e8b465ee728b)
Start importing Assets/Sprites/tower-defense/enemy/2/S_Walk_4.controller using Guid(10282eade2c70c3429ced9f40f62978d) Importer(815301076,1909f56bfc062723c751e8b465ee728b)  -> (artifact id: '0a20bbd89e49441e78ee82b90223fc83') in 0.001146 seconds 
Number of updated asset objects reloaded before import = 0
Number of asset objects unloaded after import = 4
========================================================================
Received Import Request.
  Time since last request: 0.007509 seconds.
  path: Assets/Sprites/tower-defense/2 Objects/6 Flower/Materials/10.mat
  artifactKey: Guid(9ac525d6630f85f4c9933078352f6f51) Importer(815301076,1909f56bfc062723c751e8b465ee728b)
Start importing Assets/Sprites/tower-defense/2 Objects/6 Flower/Materials/10.mat using Guid(9ac525d6630f85f4c9933078352f6f51) Importer(815301076,1909f56bfc062723c751e8b465ee728b)  -> (artifact id: '553ec66600e488dbfa0b51e9bac2456f') in 0.017832 seconds 
Number of updated asset objects reloaded before import = 0
Number of asset objects unloaded after import = 2
========================================================================
Received Import Request.
  Time since last request: 0.004075 seconds.
  path: Assets/TextMesh Pro/Shaders/TMP_SDF SSD.shader
  artifactKey: Guid(14eb328de4b8eb245bb7cea29e4ac00b) Importer(815301076,1909f56bfc062723c751e8b465ee728b)
Start importing Assets/TextMesh Pro/Shaders/TMP_SDF SSD.shader using Guid(14eb328de4b8eb245bb7cea29e4ac00b) Importer(815301076,1909f56bfc062723c751e8b465ee728b)  -> (artifact id: '14c80baca2db655c1977b328cce6c210') in 0.000763 seconds 
Number of updated asset objects reloaded before import = 0
Number of asset objects unloaded after import = 0
========================================================================
Received Import Request.
  Time since last request: 0.003854 seconds.
  path: Assets/TextMesh Pro/Shaders/TMP_SDF.shader
  artifactKey: Guid(68e6db2ebdc24f95958faec2be5558d6) Importer(815301076,1909f56bfc062723c751e8b465ee728b)
Start importing Assets/TextMesh Pro/Shaders/TMP_SDF.shader using Guid(68e6db2ebdc24f95958faec2be5558d6) Importer(815301076,1909f56bfc062723c751e8b465ee728b)  -> (artifact id: '4a06081a3d86e86584c4b2ab38e60dde') in 0.000589 seconds 
Number of updated asset objects reloaded before import = 0
Number of asset objects unloaded after import = 0
========================================================================
Received Import Request.
  Time since last request: 0.029490 seconds.
  path: Assets/TextMesh Pro/Shaders/TMP_SDF-Mobile.shader
  artifactKey: Guid(fe393ace9b354375a9cb14cdbbc28be4) Importer(815301076,1909f56bfc062723c751e8b465ee728b)
Start importing Assets/TextMesh Pro/Shaders/TMP_SDF-Mobile.shader using Guid(fe393ace9b354375a9cb14cdbbc28be4) Importer(815301076,1909f56bfc062723c751e8b465ee728b)  -> (artifact id: '3097780ef7b2ddda7b70f831b17f3a04') in 0.000721 seconds 
Number of updated asset objects reloaded before import = 0
Number of asset objects unloaded after import = 0
========================================================================
Received Import Request.
  Time since last request: 0.012027 seconds.
  path: Assets/MobileDependencyResolver/Editor/Google.VersionHandler.dll
  artifactKey: Guid(bb6999c8a5ce4ba99688ec579babe5b7) Importer(815301076,1909f56bfc062723c751e8b465ee728b)
Start importing Assets/MobileDependencyResolver/Editor/Google.VersionHandler.dll using Guid(bb6999c8a5ce4ba99688ec579babe5b7) Importer(815301076,1909f56bfc062723c751e8b465ee728b)  -> (artifact id: '697f41c805b57ade515c8278b7a3af7d') in 0.000358 seconds 
Number of updated asset objects reloaded before import = 0
Number of asset objects unloaded after import = 0
========================================================================
Received Import Request.
  Time since last request: 0.055258 seconds.
  path: Assets/TextMesh Pro/Shaders/TMP_Bitmap.shader
  artifactKey: Guid(128e987d567d4e2c824d754223b3f3b0) Importer(815301076,1909f56bfc062723c751e8b465ee728b)
Start importing Assets/TextMesh Pro/Shaders/TMP_Bitmap.shader using Guid(128e987d567d4e2c824d754223b3f3b0) Importer(815301076,1909f56bfc062723c751e8b465ee728b)  -> (artifact id: 'c1c05565ea1d619f89c21829e7f48652') in 0.000692 seconds 
Number of updated asset objects reloaded before import = 0
Number of asset objects unloaded after import = 0
========================================================================
Received Import Request.
  Time since last request: 0.003301 seconds.
  path: Assets/TextMesh Pro/Shaders/TMP_SDF-Mobile SSD.shader
  artifactKey: Guid(c8d12adcee749c344b8117cf7c7eb912) Importer(815301076,1909f56bfc062723c751e8b465ee728b)
Start importing Assets/TextMesh Pro/Shaders/TMP_SDF-Mobile SSD.shader using Guid(c8d12adcee749c344b8117cf7c7eb912) Importer(815301076,1909f56bfc062723c751e8b465ee728b)  -> (artifact id: 'aea63de2af63a660a88242ad85b92587') in 0.000608 seconds 
Number of updated asset objects reloaded before import = 0
Number of asset objects unloaded after import = 0
========================================================================
Received Import Request.
  Time since last request: 0.086991 seconds.
  path: Assets/TextMesh Pro/Resources/Fonts & Materials
  artifactKey: Guid(731f1baa9d144a9897cb1d341c2092b8) Importer(815301076,1909f56bfc062723c751e8b465ee728b)
Start importing Assets/TextMesh Pro/Resources/Fonts & Materials using Guid(731f1baa9d144a9897cb1d341c2092b8) Importer(815301076,1909f56bfc062723c751e8b465ee728b)  -> (artifact id: '3a7eab248413d5372ca0e38f8fa86db8') in 0.000377 seconds 
Number of updated asset objects reloaded before import = 0
Number of asset objects unloaded after import = 0
========================================================================
Received Import Request.
  Time since last request: 0.021055 seconds.
  path: Assets/Sprites/tower-defense/3 Units/Arrow/22.png
  artifactKey: Guid(aa7a53d6ba47ad149a6b60ed7d072588) Importer(815301076,1909f56bfc062723c751e8b465ee728b)
Start importing Assets/Sprites/tower-defense/3 Units/Arrow/22.png using Guid(aa7a53d6ba47ad149a6b60ed7d072588) Importer(815301076,1909f56bfc062723c751e8b465ee728b)  -> (artifact id: '6937db6fd32396901eda6e60f50c7a8a') in 0.014696 seconds 
Number of updated asset objects reloaded before import = 0
Number of asset objects unloaded after import = 3
========================================================================
Received Import Request.
  Time since last request: 0.070552 seconds.
  path: Assets/Sprites/tower-defense/3 Units/Arrow
  artifactKey: Guid(cfe311d123e1fd44ba315cc860b15214) Importer(815301076,1909f56bfc062723c751e8b465ee728b)
Start importing Assets/Sprites/tower-defense/3 Units/Arrow using Guid(cfe311d123e1fd44ba315cc860b15214) Importer(815301076,1909f56bfc062723c751e8b465ee728b)  -> (artifact id: 'cd81596731baecf72f2c1f6d8e62ec28') in 0.000395 seconds 
Number of updated asset objects reloaded before import = 0
Number of asset objects unloaded after import = 0
========================================================================
Received Import Request.
  Time since last request: 0.020691 seconds.
  path: Assets/TextMesh Pro/Shaders/TMP_SDF-Surface-Mobile.shader
  artifactKey: Guid(85187c2149c549c5b33f0cdb02836b17) Importer(815301076,1909f56bfc062723c751e8b465ee728b)
Start importing Assets/TextMesh Pro/Shaders/TMP_SDF-Surface-Mobile.shader using Guid(85187c2149c549c5b33f0cdb02836b17) Importer(815301076,1909f56bfc062723c751e8b465ee728b)  -> (artifact id: '5116c6c6672308d01b256a2fab1e89c5') in 0.000772 seconds 
Number of updated asset objects reloaded before import = 0
Number of asset objects unloaded after import = 0
========================================================================
Received Import Request.
  Time since last request: 0.017162 seconds.
  path: Assets/TextMesh Pro/Shaders/TMPro_Properties.cginc
  artifactKey: Guid(3997e2241185407d80309a82f9148466) Importer(815301076,1909f56bfc062723c751e8b465ee728b)
Start importing Assets/TextMesh Pro/Shaders/TMPro_Properties.cginc using Guid(3997e2241185407d80309a82f9148466) Importer(815301076,1909f56bfc062723c751e8b465ee728b)  -> (artifact id: 'fb17b39ab37ff5c4a0c347358e9d790f') in 0.000823 seconds 
Number of updated asset objects reloaded before import = 0
Number of asset objects unloaded after import = 1
========================================================================
Received Import Request.
  Time since last request: 0.015914 seconds.
  path: Assets/Sprites/tower-defense/3 Units/Arrow/18.png
  artifactKey: Guid(cb4817142d2050a4ea4bd2fc9959f059) Importer(815301076,1909f56bfc062723c751e8b465ee728b)
Start importing Assets/Sprites/tower-defense/3 Units/Arrow/18.png using Guid(cb4817142d2050a4ea4bd2fc9959f059) Importer(815301076,1909f56bfc062723c751e8b465ee728b)  -> (artifact id: 'd3940d4ce2a1fb8651a200cb696f091c') in 0.010916 seconds 
Number of updated asset objects reloaded before import = 0
Number of asset objects unloaded after import = 3
========================================================================
Received Import Request.
  Time since last request: 0.025476 seconds.
  path: Assets/TextMesh Pro/Shaders/TMPro.cginc
  artifactKey: Guid(407bc68d299748449bbf7f48ee690f8d) Importer(815301076,1909f56bfc062723c751e8b465ee728b)
Start importing Assets/TextMesh Pro/Shaders/TMPro.cginc using Guid(407bc68d299748449bbf7f48ee690f8d) Importer(815301076,1909f56bfc062723c751e8b465ee728b)  -> (artifact id: 'b2f603c20fc83149d951696e0b5ff78e') in 0.000902 seconds 
Number of updated asset objects reloaded before import = 0
Number of asset objects unloaded after import = 1
========================================================================
Received Import Request.
  Time since last request: 0.065688 seconds.
  path: Assets/TextMesh Pro/Fonts/LiberationSans - OFL.txt
  artifactKey: Guid(6e59c59b81ab47f9b6ec5781fa725d2c) Importer(815301076,1909f56bfc062723c751e8b465ee728b)
Start importing Assets/TextMesh Pro/Fonts/LiberationSans - OFL.txt using Guid(6e59c59b81ab47f9b6ec5781fa725d2c) Importer(815301076,1909f56bfc062723c751e8b465ee728b)  -> (artifact id: 'b65a4ce8400ff49749468270fd34ede3') in 0.000971 seconds 
Number of updated asset objects reloaded before import = 0
Number of asset objects unloaded after import = 1
========================================================================
Received Import Request.
  Time since last request: 0.028355 seconds.
  path: Assets/TextMesh Pro/Resources/Style Sheets
  artifactKey: Guid(4aecb92fff08436c8303b10eab8da368) Importer(815301076,1909f56bfc062723c751e8b465ee728b)
Start importing Assets/TextMesh Pro/Resources/Style Sheets using Guid(4aecb92fff08436c8303b10eab8da368) Importer(815301076,1909f56bfc062723c751e8b465ee728b)  -> (artifact id: '056cf6914e695e5184ae907488c442f7') in 0.000386 seconds 
Number of updated asset objects reloaded before import = 0
Number of asset objects unloaded after import = 0
========================================================================
Received Import Request.
  Time since last request: 0.048308 seconds.
  path: Assets/Scripts/LevelManager.cs
  artifactKey: Guid(5b216cc8171431f428d80abf554661ee) Importer(815301076,1909f56bfc062723c751e8b465ee728b)
Start importing Assets/Scripts/LevelManager.cs using Guid(5b216cc8171431f428d80abf554661ee) Importer(815301076,1909f56bfc062723c751e8b465ee728b)  -> (artifact id: '34f46b9b4398442f35025874c0f5f705') in 0.000445 seconds 
Number of updated asset objects reloaded before import = 0
Number of asset objects unloaded after import = 0
========================================================================
Received Import Request.
  Time since last request: 0.022835 seconds.
  path: Assets/TextMesh Pro/Shaders/TMP_SDF-Surface.shader
  artifactKey: Guid(f7ada0af4f174f0694ca6a487b8f543d) Importer(815301076,1909f56bfc062723c751e8b465ee728b)
Start importing Assets/TextMesh Pro/Shaders/TMP_SDF-Surface.shader using Guid(f7ada0af4f174f0694ca6a487b8f543d) Importer(815301076,1909f56bfc062723c751e8b465ee728b)  -> (artifact id: '71efe6376f777832fed5c04b8a8ddd64') in 0.000705 seconds 
Number of updated asset objects reloaded before import = 0
Number of asset objects unloaded after import = 0
========================================================================
Received Import Request.
  Time since last request: 0.082048 seconds.
  path: Assets/Menu/Scripts/MenuButtonController.cs
  artifactKey: Guid(415599b20e4d0af4db1c16401287b365) Importer(815301076,1909f56bfc062723c751e8b465ee728b)
Start importing Assets/Menu/Scripts/MenuButtonController.cs using Guid(415599b20e4d0af4db1c16401287b365) Importer(815301076,1909f56bfc062723c751e8b465ee728b)  -> (artifact id: '86ec3b80caf4dc8dd6cc0a2ecafd2110') in 0.000444 seconds 
Number of updated asset objects reloaded before import = 0
Number of asset objects unloaded after import = 0
========================================================================
Received Import Request.
  Time since last request: 0.032632 seconds.
  path: Assets/Sprites/tower-defense/3 Units/Arrow/23.png
  artifactKey: Guid(d64aaa3e37e480649b5b58c9e28cfc55) Importer(815301076,1909f56bfc062723c751e8b465ee728b)
Start importing Assets/Sprites/tower-defense/3 Units/Arrow/23.png using Guid(d64aaa3e37e480649b5b58c9e28cfc55) Importer(815301076,1909f56bfc062723c751e8b465ee728b)  -> (artifact id: 'b290bdaf243ccf9a45d61ae53863bf32') in 0.012457 seconds 
Number of updated asset objects reloaded before import = 0
Number of asset objects unloaded after import = 3
========================================================================
Received Import Request.
  Time since last request: 0.019821 seconds.
  path: Assets/TextMesh Pro/Sprites
  artifactKey: Guid(d0603b6d5186471b96c778c3949c7ce2) Importer(815301076,1909f56bfc062723c751e8b465ee728b)
Start importing Assets/TextMesh Pro/Sprites using Guid(d0603b6d5186471b96c778c3949c7ce2) Importer(815301076,1909f56bfc062723c751e8b465ee728b)  -> (artifact id: '6cb8c8d526b56b02a177794fb5aaffbd') in 0.000410 seconds 
Number of updated asset objects reloaded before import = 0
Number of asset objects unloaded after import = 0
========================================================================
Received Import Request.
  Time since last request: 0.040099 seconds.
  path: Assets/Sprites/tower-defense/enemy/3/slime.anim
  artifactKey: Guid(24b1a2963e26138438248a9ad8b3ec00) Importer(815301076,1909f56bfc062723c751e8b465ee728b)
Start importing Assets/Sprites/tower-defense/enemy/3/slime.anim using Guid(24b1a2963e26138438248a9ad8b3ec00) Importer(815301076,1909f56bfc062723c751e8b465ee728b)  -> (artifact id: '332bfd6530d69a8d9748846451f21f39') in 0.000969 seconds 
Number of updated asset objects reloaded before import = 0
Number of asset objects unloaded after import = 1
========================================================================
Received Import Request.
  Time since last request: 0.003250 seconds.
  path: Assets/Sprites/tower-defense/2 Objects/6 Flower/Materials/8.mat
  artifactKey: Guid(f0bab72c6bc602d44bca14eda41cb406) Importer(815301076,1909f56bfc062723c751e8b465ee728b)
Start importing Assets/Sprites/tower-defense/2 Objects/6 Flower/Materials/8.mat using Guid(f0bab72c6bc602d44bca14eda41cb406) Importer(815301076,1909f56bfc062723c751e8b465ee728b)  -> (artifact id: '151b8396f163b836e846e98a8e94bbc8') in 0.009592 seconds 
Number of updated asset objects reloaded before import = 0
Number of asset objects unloaded after import = 2
